-------------------------------------------------------------------------------
Test set: zupestrelasprefeitura.ZupEstrelasPrefeituraApplicationTests
-------------------------------------------------------------------------------
Tests run: 1, Failures: 0, Errors: 1, Skipped: 0, Time elapsed: 0.578 s <<< FAILURE! - in zupestrelasprefeitura.ZupEstrelasPrefeituraApplicationTests
zupestrelasprefeitura.ZupEstrelasPrefeituraApplicationTests  Time elapsed: 0.575 s  <<< ERROR!
java.lang.IllegalStateException: Unable to find a @SpringBootConfiguration, you need to use @ContextConfiguration or @SpringBootTest(classes=...) with your test

